<?xml version="1.0" encoding="UTF-8"?>
<!-- Generated by org.testng.reporters.JUnitReportReporter -->
<testsuite skipped="0" hostname="DESKTOP-8GP6Q0F" name="testNG.SampleTestCase" tests="5" failures="0" timestamp="10 Sep 2023 09:17:05 GMT" time="0.035" errors="0">
  <testcase name="firstTestCase" time="0.003" classname="testNG.SampleTestCase"/>
  <testcase name="fifthTestCase" time="0.020" classname="testNG.SampleTestCase"/>
  <testcase name="secondTestCase" time="0.002" classname="testNG.SampleTestCase"/>
  <testcase name="fourthTestCase" time="0.003" classname="testNG.SampleTestCase"/>
  <testcase name="thirdTestCase" time="0.007" classname="testNG.SampleTestCase"/>
</testsuite> <!-- testNG.SampleTestCase -->
