<?xml version="1.0" encoding="UTF-8"?>
<!-- Generated by org.testng.reporters.JUnitReportReporter -->
<testsuite skipped="0" hostname="DESKTOP-8GP6Q0F" name="testNG.DriveACar" tests="6" failures="0" timestamp="10 Sep 2023 09:28:30 GMT" time="0.029" errors="0">
  <testcase name="startTheCar" time="0.014" classname="testNG.DriveACar"/>
  <testcase name="putFirstGear" time="0.000" classname="testNG.DriveACar"/>
  <testcase name="putSecondGear" time="0.002" classname="testNG.DriveACar"/>
  <testcase name="putThirdGear" time="0.004" classname="testNG.DriveACar"/>
  <testcase name="putFourthGear" time="0.009" classname="testNG.DriveACar"/>
  <testcase name="putFifthGear" time="0.000" classname="testNG.DriveACar"/>
</testsuite> <!-- testNG.DriveACar -->
