<?xml version="1.0" encoding="UTF-8"?>
<!-- Generated by org.testng.reporters.JUnitReportReporter -->
<testsuite skipped="1" hostname="DESKTOP-8GP6Q0F" name="testNG.SkipATestCase" tests="7" failures="0" timestamp="10 Sep 2023 09:34:37 GMT" time="0.016" errors="0">
  <testcase name="startTheCar" time="0.008" classname="testNG.SkipATestCase"/>
  <testcase name="putFirstGear" time="0.002" classname="testNG.SkipATestCase"/>
  <testcase name="putSecondGear" time="0.001" classname="testNG.SkipATestCase"/>
  <testcase name="putThirdGear" time="0.000" classname="testNG.SkipATestCase"/>
  <testcase name="putFourthGear" time="0.002" classname="testNG.SkipATestCase"/>
  <testcase name="putFifthGear" time="0.003" classname="testNG.SkipATestCase"/>
  <testcase name="turnOnTheMusic" classname="testNG.SkipATestCase">
    <skipped/>
  </testcase> <!-- turnOnTheMusic -->
</testsuite> <!-- testNG.SkipATestCase -->
