<?xml version="1.0" encoding="UTF-8"?>
<!-- Generated by org.testng.reporters.JUnitReportReporter -->
<testsuite skipped="0" hostname="DESKTOP-8GP6Q0F" name="testNG.DependanciesManagement" tests="3" failures="0" timestamp="10 Sep 2023 09:43:59 GMT" time="0.020" errors="0">
  <testcase name="higherSecondary" time="0.002" classname="testNG.DependanciesManagement"/>
  <testcase name="engineering" time="0.004" classname="testNG.DependanciesManagement"/>
  <testcase name="highSchool" time="0.014" classname="testNG.DependanciesManagement"/>
</testsuite> <!-- testNG.DependanciesManagement -->
